
> nyay-sathi-client@1.0.1 build
> next build

node.exe :  Γ¿» 
Failed to load 
next.config.js, 
see more info here 
https://nextjs.org/
docs/messages/next-
config-error
At line:1 char:1
+ & "C:\Program Fil
es\nodejs/node.exe"
 "C:\Program Files\
nodejs/node_mo ...
+ ~~~~~~~~~~~~~~~~~
~~~~~~~~~~~~~~~~~~~
~~~~~~~~~~~~~~~~~~~
~~~~~~~~~~~~~~
    + CategoryInfo 
             : No  
  tSpecified: (    
 Γ¿» Failed to     
...xt-config-e    
rror:String) [    
], RemoteExcep    
tion
    + FullyQualifi 
   edErrorId : Na  
  tiveCommandErr   
 or
 

> Build error 
occurred
ReferenceError: 
module is not 
defined in ES 
module scope
This file is being 
treated as an ES 
module because it 
has a '.js' file 
extension and 'C:\U
sers\DHRUV\Download
s\project\client\pa
ckage.json' 
contains "type": 
"module". To treat 
it as a CommonJS 
script, rename it 
to use the '.cjs' 
file extension.
    at file:///C:/U
sers/DHRUV/Download
s/project/client/ne
xt.config.js:24:1
    at 
ModuleJob.run (node
:internal/modules/e
sm/module_job:345:2
5)
    at async onImpo
rt.tracePromise.__p
roto__ (node:intern
al/modules/esm/load
er:651:26)
    at async 
loadConfig (C:\User
s\DHRUV\Downloads\p
roject\client\node_
modules\next\dist\s
erver\config.js:706
:36)
    at async 
Span.traceAsyncFn (
C:\Users\DHRUV\Down
loads\project\clien
t\node_modules\next
\dist\trace\trace.j
s:151:20)
    at async C:\Use
rs\DHRUV\Downloads\
project\client\node
_modules\next\dist\
build\index.js:379:
28
    at async 
Span.traceAsyncFn (
C:\Users\DHRUV\Down
loads\project\clien
t\node_modules\next
\dist\trace\trace.j
s:151:20)
    at async build 
(C:\Users\DHRUV\Dow
nloads\project\clie
nt\node_modules\nex
t\dist\build\index.
js:374:9)
    at async main (
C:\Users\DHRUV\Down
loads\project\clien
t\node_modules\next
\dist\bin\next:155:
5)

